  ProyectoFinal.cpp
C:\Users\Pablo Angel\Documents\PFCG\Proyecto_Final\Proyecto_Final\ProyectoFinal.cpp(857,24): warning C4244: 'inicializando': conversión de 'double' a 'GLfloat'; posible pérdida de datos
C:\Users\Pablo Angel\Documents\PFCG\Proyecto_Final\Proyecto_Final\ProyectoFinal.cpp(2169,15): warning C4305: '+=': truncamiento de 'double' a 'float'
C:\Users\Pablo Angel\Documents\PFCG\Proyecto_Final\Proyecto_Final\ProyectoFinal.cpp(2176,15): warning C4305: '-=': truncamiento de 'double' a 'float'
C:\Users\Pablo Angel\Documents\PFCG\Proyecto_Final\Proyecto_Final\ProyectoFinal.cpp(2182,15): warning C4305: '+=': truncamiento de 'double' a 'float'
C:\Users\Pablo Angel\Documents\PFCG\Proyecto_Final\Proyecto_Final\ProyectoFinal.cpp(2188,15): warning C4305: '-=': truncamiento de 'double' a 'float'
C:\Users\Pablo Angel\Documents\PFCG\Proyecto_Final\Proyecto_Final\ProyectoFinal.cpp(2946,11): warning C4244: '=': conversión de 'double' a 'GLfloat'; posible pérdida de datos
C:\Users\Pablo Angel\Documents\PFCG\Proyecto_Final\Proyecto_Final\ProyectoFinal.cpp(2947,11): warning C4244: '=': conversión de 'double' a 'GLfloat'; posible pérdida de datos
C:\Users\Pablo Angel\Documents\PFCG\Proyecto_Final\Proyecto_Final\ProyectoFinal.cpp(2951,18): warning C4244: 'inicializando': conversión de 'double' a 'GLfloat'; posible pérdida de datos
C:\Users\Pablo Angel\Documents\PFCG\Proyecto_Final\Proyecto_Final\ProyectoFinal.cpp(2952,18): warning C4244: 'inicializando': conversión de 'double' a 'GLfloat'; posible pérdida de datos
C:\Users\Pablo Angel\Documents\PFCG\Proyecto_Final\Proyecto_Final\ProyectoFinal.cpp(2954,10): warning C4244: '=': conversión de 'double' a 'GLfloat'; posible pérdida de datos
C:\Users\Pablo Angel\Documents\PFCG\Proyecto_Final\Proyecto_Final\ProyectoFinal.cpp(2955,10): warning C4244: '=': conversión de 'double' a 'GLfloat'; posible pérdida de datos
soil2-debug.lib(SOIL2.obj) : warning LNK4075: se omite '/EDITANDCONTINUE' debido a la especificación '/OPT:ICF'
LINK : warning LNK4098: la biblioteca predeterminada'MSVCRTD' entra en conflicto con otras bibliotecas; use la biblioteca /NODEFAULTLIB:biblioteca
  Generando código
  8 of 594 functions ( 1.3%) were compiled, the rest were copied from previous compilation.
    0 functions were new in current compilation
    8 functions had inline decision re-evaluated but remain unchanged
  Generación de código finalizada
soil2-debug.lib(etc1_utils.obj) : warning LNK4099: no se encontró PDB 'soil2-debug.pdb' con 'soil2-debug.lib(etc1_utils.obj)' o en 'C:\Users\Pablo Angel\Documents\PFCG\Proyecto_Final\Release\soil2-debug.pdb'; se vinculará el objeto sin tener en cuenta información de depuración
soil2-debug.lib(image_DXT.obj) : warning LNK4099: no se encontró PDB 'soil2-debug.pdb' con 'soil2-debug.lib(image_DXT.obj)' o en 'C:\Users\Pablo Angel\Documents\PFCG\Proyecto_Final\Release\soil2-debug.pdb'; se vinculará el objeto sin tener en cuenta información de depuración
soil2-debug.lib(image_helper.obj) : warning LNK4099: no se encontró PDB 'soil2-debug.pdb' con 'soil2-debug.lib(image_helper.obj)' o en 'C:\Users\Pablo Angel\Documents\PFCG\Proyecto_Final\Release\soil2-debug.pdb'; se vinculará el objeto sin tener en cuenta información de depuración
soil2-debug.lib(SOIL2.obj) : warning LNK4099: no se encontró PDB 'soil2-debug.pdb' con 'soil2-debug.lib(SOIL2.obj)' o en 'C:\Users\Pablo Angel\Documents\PFCG\Proyecto_Final\Release\soil2-debug.pdb'; se vinculará el objeto sin tener en cuenta información de depuración
  Proyecto_Final.vcxproj -> C:\Users\Pablo Angel\Documents\PFCG\Proyecto_Final\Release\Proyecto_Final.exe
